2019/02/28 11:07:02 CET Importing files from project directory C:/Work/ESD-RCP/RCP_190228_C2ESD/ESD_v19.1_x64/ESDsamples/CruiseControl/solutions/A_esddemo_cruise_control/LegacyCode
2019/02/28 11:07:12 CET ERROR:clangrdf.logger:C:\Work\ESD-RCP\RCP_190228_C2ESD\ESD_v19.1_x64\ESDsamples\CruiseControl\solutions\A_esddemo_cruise_control\LegacyCode/CheckForFaults.h:39:14: error: unknown type name 's8'
2019/02/28 11:07:12 CET ERROR:clangrdf.logger:C:\Work\ESD-RCP\RCP_190228_C2ESD\ESD_v19.1_x64\ESDsamples\CruiseControl\solutions\A_esddemo_cruise_control\LegacyCode/CheckForFaults.h:40:14: error: unknown type name 's8'
2019/02/28 11:07:12 CET ERROR:clangrdf.logger:C:\Work\ESD-RCP\RCP_190228_C2ESD\ESD_v19.1_x64\ESDsamples\CruiseControl\solutions\A_esddemo_cruise_control\LegacyCode/CheckForFaults.h:41:14: error: unknown type name 's8'
2019/02/28 11:07:12 CET ERROR:clangrdf.logger:C:\Work\ESD-RCP\RCP_190228_C2ESD\ESD_v19.1_x64\ESDsamples\CruiseControl\solutions\A_esddemo_cruise_control\LegacyCode/CheckForFaults.h:42:14: error: unknown type name 's8'
2019/02/28 11:07:12 CET ERROR:clangrdf.logger:C:\Work\ESD-RCP\RCP_190228_C2ESD\ESD_v19.1_x64\ESDsamples\CruiseControl\solutions\A_esddemo_cruise_control\LegacyCode/CheckForFaults.h:43:14: error: unknown type name 's8'
2019/02/28 11:07:12 CET ERROR:clangrdf.logger:C:\Work\ESD-RCP\RCP_190228_C2ESD\ESD_v19.1_x64\ESDsamples\CruiseControl\solutions\A_esddemo_cruise_control\LegacyCode/CheckForFaults.h:44:14: error: unknown type name 's8'
2019/02/28 11:07:12 CET ERROR:clangrdf.logger:C:\Work\ESD-RCP\RCP_190228_C2ESD\ESD_v19.1_x64\ESDsamples\CruiseControl\solutions\A_esddemo_cruise_control\LegacyCode/CheckForFaults.h:45:14: error: unknown type name 's8'
2019/02/28 11:07:12 CET ERROR:clangrdf.logger:C:\Work\ESD-RCP\RCP_190228_C2ESD\ESD_v19.1_x64\ESDsamples\CruiseControl\solutions\A_esddemo_cruise_control\LegacyCode/CheckForFaults.h:46:14: error: unknown type name 's8'
2019/02/28 11:07:12 CET ERROR:clangrdf.logger:C:\Work\ESD-RCP\RCP_190228_C2ESD\ESD_v19.1_x64\ESDsamples\CruiseControl\solutions\A_esddemo_cruise_control\LegacyCode/CheckForFaults.h:47:14: error: unknown type name 's8'
2019/02/28 11:07:12 CET ERROR:clangrdf.logger:C:\Work\ESD-RCP\RCP_190228_C2ESD\ESD_v19.1_x64\ESDsamples\CruiseControl\solutions\A_esddemo_cruise_control\LegacyCode/CheckForFaults.h:48:14: error: unknown type name 's8'
2019/02/28 11:07:12 CET ERROR:clangrdf.logger:C:\Work\ESD-RCP\RCP_190228_C2ESD\ESD_v19.1_x64\ESDsamples\CruiseControl\solutions\A_esddemo_cruise_control\LegacyCode\CheckForFaultsLogic.c:27:11: error: use of undeclared identifier 'false'
2019/02/28 11:07:12 CET ERROR:clangrdf.logger:C:\Work\ESD-RCP\RCP_190228_C2ESD\ESD_v19.1_x64\ESDsamples\CruiseControl\solutions\A_esddemo_cruise_control\LegacyCode\CheckForFaultsLogic.c:30:11: error: use of undeclared identifier 'true'
2019/02/28 11:07:12 CET ERROR:clangrdf.logger:C:\Work\ESD-RCP\RCP_190228_C2ESD\ESD_v19.1_x64\ESDsamples\CruiseControl\solutions\A_esddemo_cruise_control\LegacyCode\CheckForFaultsLogic.c:35:11: error: use of undeclared identifier 'false'
2019/02/28 11:07:12 CET ERROR:clangrdf.logger:C:\Work\ESD-RCP\RCP_190228_C2ESD\ESD_v19.1_x64\ESDsamples\CruiseControl\solutions\A_esddemo_cruise_control\LegacyCode\CheckForFaultsLogic.c:38:11: error: use of undeclared identifier 'true'
2019/02/28 11:07:12 CET ERROR:clangrdf.logger:C:\Work\ESD-RCP\RCP_190228_C2ESD\ESD_v19.1_x64\ESDsamples\CruiseControl\solutions\A_esddemo_cruise_control\LegacyCode\CheckForFaultsLogic.c:43:11: error: use of undeclared identifier 'false'
2019/02/28 11:07:12 CET ERROR:clangrdf.logger:C:\Work\ESD-RCP\RCP_190228_C2ESD\ESD_v19.1_x64\ESDsamples\CruiseControl\solutions\A_esddemo_cruise_control\LegacyCode\CheckForFaultsLogic.c:46:11: error: use of undeclared identifier 'true'
2019/02/28 11:07:12 CET ERROR:clangrdf.logger:C:\Work\ESD-RCP\RCP_190228_C2ESD\ESD_v19.1_x64\ESDsamples\CruiseControl\solutions\A_esddemo_cruise_control\LegacyCode\CheckForFaultsLogic.c:50:10: error: use of undeclared identifier 'true'
2019/02/28 11:07:12 CET ERROR:clangrdf.logger:C:\Work\ESD-RCP\RCP_190228_C2ESD\ESD_v19.1_x64\ESDsamples\CruiseControl\solutions\A_esddemo_cruise_control\LegacyCode\CheckForFaultsLogic.c:54:10: error: use of undeclared identifier 'true'
2019/02/28 11:07:12 CET ERROR:clangrdf.logger:C:\Work\ESD-RCP\RCP_190228_C2ESD\ESD_v19.1_x64\ESDsamples\CruiseControl\solutions\A_esddemo_cruise_control\LegacyCode\CheckForFaultsLogic.c:58:9: error: use of undeclared identifier 'true'
2019/02/28 11:07:12 CET ERROR:clangrdf.logger:fatal error: too many errors emitted, stopping now [-ferror-limit=]
2019/02/28 11:07:13 CET ERROR:clangrdf.logger:C:\Work\ESD-RCP\RCP_190228_C2ESD\ESD_v19.1_x64\ESDsamples\CruiseControl\solutions\A_esddemo_cruise_control\LegacyCode\CheckForFaults.h:39:14: error: unknown type name 's8'
2019/02/28 11:07:13 CET ERROR:clangrdf.logger:C:\Work\ESD-RCP\RCP_190228_C2ESD\ESD_v19.1_x64\ESDsamples\CruiseControl\solutions\A_esddemo_cruise_control\LegacyCode\CheckForFaults.h:40:14: error: unknown type name 's8'
2019/02/28 11:07:13 CET ERROR:clangrdf.logger:C:\Work\ESD-RCP\RCP_190228_C2ESD\ESD_v19.1_x64\ESDsamples\CruiseControl\solutions\A_esddemo_cruise_control\LegacyCode\CheckForFaults.h:41:14: error: unknown type name 's8'
2019/02/28 11:07:13 CET ERROR:clangrdf.logger:C:\Work\ESD-RCP\RCP_190228_C2ESD\ESD_v19.1_x64\ESDsamples\CruiseControl\solutions\A_esddemo_cruise_control\LegacyCode\CheckForFaults.h:42:14: error: unknown type name 's8'
2019/02/28 11:07:13 CET ERROR:clangrdf.logger:C:\Work\ESD-RCP\RCP_190228_C2ESD\ESD_v19.1_x64\ESDsamples\CruiseControl\solutions\A_esddemo_cruise_control\LegacyCode\CheckForFaults.h:43:14: error: unknown type name 's8'
2019/02/28 11:07:13 CET ERROR:clangrdf.logger:C:\Work\ESD-RCP\RCP_190228_C2ESD\ESD_v19.1_x64\ESDsamples\CruiseControl\solutions\A_esddemo_cruise_control\LegacyCode\CheckForFaults.h:44:14: error: unknown type name 's8'
2019/02/28 11:07:13 CET ERROR:clangrdf.logger:C:\Work\ESD-RCP\RCP_190228_C2ESD\ESD_v19.1_x64\ESDsamples\CruiseControl\solutions\A_esddemo_cruise_control\LegacyCode\CheckForFaults.h:45:14: error: unknown type name 's8'
2019/02/28 11:07:13 CET ERROR:clangrdf.logger:C:\Work\ESD-RCP\RCP_190228_C2ESD\ESD_v19.1_x64\ESDsamples\CruiseControl\solutions\A_esddemo_cruise_control\LegacyCode\CheckForFaults.h:46:14: error: unknown type name 's8'
2019/02/28 11:07:13 CET ERROR:clangrdf.logger:C:\Work\ESD-RCP\RCP_190228_C2ESD\ESD_v19.1_x64\ESDsamples\CruiseControl\solutions\A_esddemo_cruise_control\LegacyCode\CheckForFaults.h:47:14: error: unknown type name 's8'
2019/02/28 11:07:13 CET ERROR:clangrdf.logger:C:\Work\ESD-RCP\RCP_190228_C2ESD\ESD_v19.1_x64\ESDsamples\CruiseControl\solutions\A_esddemo_cruise_control\LegacyCode\CheckForFaults.h:48:14: error: unknown type name 's8'
2019/02/28 11:07:14 CET ERROR:clangrdf.logger:C:\Work\ESD-RCP\RCP_190228_C2ESD\ESD_v19.1_x64\ESDsamples\CruiseControl\solutions\A_esddemo_cruise_control\LegacyCode\checkForFaults\checkForFaultsLogic.c:26:11: error: use of undeclared identifier 'false'
2019/02/28 11:07:14 CET ERROR:clangrdf.logger:C:\Work\ESD-RCP\RCP_190228_C2ESD\ESD_v19.1_x64\ESDsamples\CruiseControl\solutions\A_esddemo_cruise_control\LegacyCode\checkForFaults\checkForFaultsLogic.c:29:11: error: use of undeclared identifier 'true'
2019/02/28 11:07:14 CET ERROR:clangrdf.logger:C:\Work\ESD-RCP\RCP_190228_C2ESD\ESD_v19.1_x64\ESDsamples\CruiseControl\solutions\A_esddemo_cruise_control\LegacyCode\checkForFaults\checkForFaultsLogic.c:34:11: error: use of undeclared identifier 'false'
2019/02/28 11:07:14 CET ERROR:clangrdf.logger:C:\Work\ESD-RCP\RCP_190228_C2ESD\ESD_v19.1_x64\ESDsamples\CruiseControl\solutions\A_esddemo_cruise_control\LegacyCode\checkForFaults\checkForFaultsLogic.c:37:11: error: use of undeclared identifier 'true'
2019/02/28 11:07:14 CET ERROR:clangrdf.logger:C:\Work\ESD-RCP\RCP_190228_C2ESD\ESD_v19.1_x64\ESDsamples\CruiseControl\solutions\A_esddemo_cruise_control\LegacyCode\checkForFaults\checkForFaultsLogic.c:42:11: error: use of undeclared identifier 'false'
2019/02/28 11:07:14 CET ERROR:clangrdf.logger:C:\Work\ESD-RCP\RCP_190228_C2ESD\ESD_v19.1_x64\ESDsamples\CruiseControl\solutions\A_esddemo_cruise_control\LegacyCode\checkForFaults\checkForFaultsLogic.c:45:11: error: use of undeclared identifier 'true'
2019/02/28 11:07:14 CET ERROR:clangrdf.logger:C:\Work\ESD-RCP\RCP_190228_C2ESD\ESD_v19.1_x64\ESDsamples\CruiseControl\solutions\A_esddemo_cruise_control\LegacyCode\checkForFaults\checkForFaultsLogic.c:49:10: error: use of undeclared identifier 'true'
2019/02/28 11:07:14 CET ERROR:clangrdf.logger:C:\Work\ESD-RCP\RCP_190228_C2ESD\ESD_v19.1_x64\ESDsamples\CruiseControl\solutions\A_esddemo_cruise_control\LegacyCode\checkForFaults\checkForFaultsLogic.c:53:10: error: use of undeclared identifier 'true'
2019/02/28 11:07:14 CET ERROR:clangrdf.logger:C:\Work\ESD-RCP\RCP_190228_C2ESD\ESD_v19.1_x64\ESDsamples\CruiseControl\solutions\A_esddemo_cruise_control\LegacyCode\checkForFaults\checkForFaultsLogic.c:57:9: error: use of undeclared identifier 'true'
2019/02/28 11:07:14 CET ERROR:clangrdf.logger:C:\Work\ESD-RCP\RCP_190228_C2ESD\ESD_v19.1_x64\ESDsamples\CruiseControl\solutions\A_esddemo_cruise_control\LegacyCode\checkForFaults\checkForFaultsLogic.c:64:20: error: use of undeclared identifier 'false'
2019/02/28 11:07:14 CET ERROR:clangrdf.logger:C:\Work\ESD-RCP\RCP_190228_C2ESD\ESD_v19.1_x64\ESDsamples\CruiseControl\solutions\A_esddemo_cruise_control\LegacyCode\checkForFaults\checkForFaultsLogic.c:120:37: error: use of undeclared identifier 'true'
2019/02/28 11:07:14 CET ERROR:clangrdf.logger:C:\Work\ESD-RCP\RCP_190228_C2ESD\ESD_v19.1_x64\ESDsamples\CruiseControl\solutions\A_esddemo_cruise_control\LegacyCode\checkForFaults\checkForFaultsLogic.c:121:39: error: use of undeclared identifier 'true'
2019/02/28 11:07:14 CET ERROR:clangrdf.logger:C:\Work\ESD-RCP\RCP_190228_C2ESD\ESD_v19.1_x64\ESDsamples\CruiseControl\solutions\A_esddemo_cruise_control\LegacyCode\checkForFaults\checkForFaultsLogic.c:122:32: error: use of undeclared identifier 'true'
2019/02/28 11:07:14 CET ERROR:clangrdf.logger:C:\Work\ESD-RCP\RCP_190228_C2ESD\ESD_v19.1_x64\ESDsamples\CruiseControl\solutions\A_esddemo_cruise_control\LegacyCode\checkForFaults\checkForFaultsLogic.c:123:34: error: use of undeclared identifier 'true'
2019/02/28 11:07:14 CET ERROR:clangrdf.logger:C:\Work\ESD-RCP\RCP_190228_C2ESD\ESD_v19.1_x64\ESDsamples\CruiseControl\solutions\A_esddemo_cruise_control\LegacyCode\checkForFaults\checkForFaultsLogic.c:124:40: error: use of undeclared identifier 'true'
2019/02/28 11:07:14 CET ERROR:clangrdf.logger:C:\Work\ESD-RCP\RCP_190228_C2ESD\ESD_v19.1_x64\ESDsamples\CruiseControl\solutions\A_esddemo_cruise_control\LegacyCode\checkForFaults\checkForFaultsLogic.c:146:25: error: use of undeclared identifier 'true'
2019/02/28 11:07:14 CET ERROR:clangrdf.logger:C:\Work\ESD-RCP\RCP_190228_C2ESD\ESD_v19.1_x64\ESDsamples\CruiseControl\solutions\A_esddemo_cruise_control\LegacyCode\checkForFaults\checkForFaultsLogic.c:147:27: error: use of undeclared identifier 'true'
2019/02/28 11:07:14 CET ERROR:clangrdf.logger:C:\Work\ESD-RCP\RCP_190228_C2ESD\ESD_v19.1_x64\ESDsamples\CruiseControl\solutions\A_esddemo_cruise_control\LegacyCode\checkForFaults\checkForFaultsLogic.c:148:20: error: use of undeclared identifier 'true'
2019/02/28 11:07:14 CET ERROR:clangrdf.logger:C:\Work\ESD-RCP\RCP_190228_C2ESD\ESD_v19.1_x64\ESDsamples\CruiseControl\solutions\A_esddemo_cruise_control\LegacyCode\checkForFaults\checkForFaultsLogic.c:149:22: error: use of undeclared identifier 'true'
2019/02/28 11:07:14 CET ERROR:clangrdf.logger:fatal error: too many errors emitted, stopping now [-ferror-limit=]
2019/02/28 11:07:19 CET Import completed
2019/02/28 11:07:19 CET Total number of files 22
2019/02/28 11:07:19 CET Total number of functions 18
2019/02/28 11:07:19 CET Total number of global variables 111
2019/02/28 11:07:19 CET Total number of static variables 6
2019/02/28 11:07:19 CET Total time (in hh:mm:ss) 00:00:17
