2019/03/26 15:14:16 CET Importing files from project directory C:/WCs/ESDBusinessDevelopment/Product_Input/DemoModels/AdaptiveCruiseControl/legacyCode/Rover/ATRover_autosar_rtw
2019/03/26 15:14:20 CET ERROR:clangrdf.logger:C:\WCs\ESDBusinessDevelopment\Product_Input\DemoModels\AdaptiveCruiseControl\legacyCode\Rover\ATRover_autosar_rtw\ATRover_types.h:18:10: fatal error: 'rtwtypes.h' file not found
2019/03/26 15:14:20 CET ERROR:clangrdf.logger:C:\WCs\ESDBusinessDevelopment\Product_Input\DemoModels\AdaptiveCruiseControl\legacyCode\Rover\ATRover_autosar_rtw\referenced_model_includes\Obstacle_Detection_types.h:18:10: fatal error: 'rtwtypes.h' file not found
2019/03/26 15:14:20 CET ERROR:clangrdf.logger:C:\WCs\ESDBusinessDevelopment\Product_Input\DemoModels\AdaptiveCruiseControl\legacyCode\Rover\ATRover_autosar_rtw\referenced_model_includes\Obstacle_Detection_private.h:18:10: fatal error: 'rtwtypes.h' file not found
2019/03/26 15:14:20 CET ERROR:clangrdf.logger:C:\WCs\ESDBusinessDevelopment\Product_Input\DemoModels\AdaptiveCruiseControl\legacyCode\Rover\ATRover_autosar_rtw\ATRover_private.h:18:10: fatal error: 'rtwtypes.h' file not found
2019/03/26 15:14:20 CET ERROR:clangrdf.logger:C:\WCs\ESDBusinessDevelopment\Product_Input\DemoModels\AdaptiveCruiseControl\legacyCode\Rover\ATRover_autosar_rtw\referenced_model_includes\Obstacle_Detection.h:20:10: fatal error: 'rtwtypes.h' file not found
2019/03/26 15:14:20 CET ERROR:clangrdf.logger:C:\WCs\ESDBusinessDevelopment\Product_Input\DemoModels\AdaptiveCruiseControl\legacyCode\Rover\ATRover_autosar_rtw\ATRover.h:20:10: fatal error: 'rtwtypes.h' file not found
2019/03/26 15:14:20 CET ERROR:clangrdf.logger:C:\WCs\ESDBusinessDevelopment\Product_Input\DemoModels\AdaptiveCruiseControl\legacyCode\Rover\ATRover_autosar_rtw/ATRover.h:20:10: fatal error: 'rtwtypes.h' file not found
2019/03/26 15:14:20 CET ERROR:clangrdf.logger:C:\WCs\ESDBusinessDevelopment\Product_Input\DemoModels\AdaptiveCruiseControl\legacyCode\Rover\ATRover_autosar_rtw\referenced_model_includes\Input_Conversion_types.h:18:10: fatal error: 'rtwtypes.h' file not found
2019/03/26 15:14:20 CET ERROR:clangrdf.logger:C:\WCs\ESDBusinessDevelopment\Product_Input\DemoModels\AdaptiveCruiseControl\legacyCode\Rover\ATRover_autosar_rtw\stub/Platform_Types.h:14:10: fatal error: 'rtwtypes.h' file not found
2019/03/26 15:14:20 CET ERROR:clangrdf.logger:C:\WCs\ESDBusinessDevelopment\Product_Input\DemoModels\AdaptiveCruiseControl\legacyCode\Rover\ATRover_autosar_rtw\referenced_model_includes\Input_Conversion_private.h:18:10: fatal error: 'rtwtypes.h' file not found
2019/03/26 15:14:20 CET ERROR:clangrdf.logger:C:\WCs\ESDBusinessDevelopment\Product_Input\DemoModels\AdaptiveCruiseControl\legacyCode\Rover\ATRover_autosar_rtw\stub/Platform_Types.h:14:10: fatal error: 'rtwtypes.h' file not found
2019/03/26 15:14:20 CET ERROR:clangrdf.logger:C:\WCs\ESDBusinessDevelopment\Product_Input\DemoModels\AdaptiveCruiseControl\legacyCode\Rover\ATRover_autosar_rtw\referenced_model_includes\Input_Conversion.h:20:10: fatal error: 'rtwtypes.h' file not found
2019/03/26 15:14:20 CET ERROR:clangrdf.logger:C:\WCs\ESDBusinessDevelopment\Product_Input\DemoModels\AdaptiveCruiseControl\legacyCode\Rover\ATRover_autosar_rtw\stub/Platform_Types.h:14:10: fatal error: 'rtwtypes.h' file not found
2019/03/26 15:14:20 CET ERROR:clangrdf.logger:C:\WCs\ESDBusinessDevelopment\Product_Input\DemoModels\AdaptiveCruiseControl\legacyCode\Rover\ATRover_autosar_rtw\referenced_model_includes\CommandLimits_types.h:18:10: fatal error: 'rtwtypes.h' file not found
2019/03/26 15:14:20 CET ERROR:clangrdf.logger:C:\WCs\ESDBusinessDevelopment\Product_Input\DemoModels\AdaptiveCruiseControl\legacyCode\Rover\ATRover_autosar_rtw\referenced_model_includes\CommandLimits_private.h:18:10: fatal error: 'rtwtypes.h' file not found
2019/03/26 15:14:20 CET ERROR:clangrdf.logger:C:\WCs\ESDBusinessDevelopment\Product_Input\DemoModels\AdaptiveCruiseControl\legacyCode\Rover\ATRover_autosar_rtw\referenced_model_includes\CommandLimits.h:20:10: fatal error: 'rtwtypes.h' file not found
2019/03/26 15:14:20 CET ERROR:clangrdf.logger:C:\WCs\ESDBusinessDevelopment\Product_Input\DemoModels\AdaptiveCruiseControl\legacyCode\Rover\ATRover_autosar_rtw\stub/Platform_Types.h:14:10: fatal error: 'rtwtypes.h' file not found
2019/03/26 15:14:20 CET ERROR:clangrdf.logger:C:\WCs\ESDBusinessDevelopment\Product_Input\DemoModels\AdaptiveCruiseControl\legacyCode\Rover\ATRover_autosar_rtw\stub\Platform_Types.h:14:10: fatal error: 'rtwtypes.h' file not found
2019/03/26 15:14:22 CET Import completed
2019/03/26 15:14:22 CET Total number of files 19
2019/03/26 15:14:22 CET Total number of functions 3
2019/03/26 15:14:22 CET Total number of global variables 1
2019/03/26 15:14:22 CET Total number of static variables 0
2019/03/26 15:14:22 CET Total time (in hh:mm:ss) 00:00:06
