2019/03/26 17:12:17 CET Importing files from project directory C:/WCs/ESDBusinessDevelopment/Product_Input/DemoModels/AdaptiveCruiseControl/legacyCode/Rover
2019/03/26 17:12:20 CET ERROR:clangrdf.logger:C:\WCs\ESDBusinessDevelopment\Product_Input\DemoModels\AdaptiveCruiseControl\legacyCode\Rover\ATRover_autosar_rtw\ATRover.c:20:40: error: expected identifier
2019/03/26 17:12:20 CET ERROR:clangrdf.logger:C:\WCs\ESDBusinessDevelopment\Product_Input\DemoModels\AdaptiveCruiseControl\legacyCode\Rover\ATRover_autosar_rtw\ATRover.c:55:17: error: use of undeclared identifier 'in_Port8_Turn_Direct'
2019/03/26 17:12:20 CET ERROR:clangrdf.logger:C:\WCs\ESDBusinessDevelopment\Product_Input\DemoModels\AdaptiveCruiseControl\legacyCode\Rover\ATRover_autosar_rtw\ATRover.c:59:17: error: use of undeclared identifier 'in_Port7_Drive_Direct'
2019/03/26 17:12:20 CET ERROR:clangrdf.logger:C:\WCs\ESDBusinessDevelopment\Product_Input\DemoModels\AdaptiveCruiseControl\legacyCode\Rover\ATRover_autosar_rtw\ATRover.c:63:17: error: use of undeclared identifier 'in_Port6_Sensor_FR'
2019/03/26 17:12:20 CET ERROR:clangrdf.logger:C:\WCs\ESDBusinessDevelopment\Product_Input\DemoModels\AdaptiveCruiseControl\legacyCode\Rover\ATRover_autosar_rtw\ATRover.c:67:17: error: use of undeclared identifier 'in_Port5_Sensor_FC'
2019/03/26 17:12:20 CET ERROR:clangrdf.logger:C:\WCs\ESDBusinessDevelopment\Product_Input\DemoModels\AdaptiveCruiseControl\legacyCode\Rover\ATRover_autosar_rtw\ATRover.c:71:17: error: use of undeclared identifier 'in_Port4_Sensor_FL'
2019/03/26 17:12:20 CET ERROR:clangrdf.logger:C:\WCs\ESDBusinessDevelopment\Product_Input\DemoModels\AdaptiveCruiseControl\legacyCode\Rover\ATRover_autosar_rtw\ATRover.c:75:17: error: use of undeclared identifier 'in_Port3_Sensor_BR'
2019/03/26 17:12:20 CET ERROR:clangrdf.logger:C:\WCs\ESDBusinessDevelopment\Product_Input\DemoModels\AdaptiveCruiseControl\legacyCode\Rover\ATRover_autosar_rtw\ATRover.c:79:17: error: use of undeclared identifier 'in_Port2_Sensor_BC'
2019/03/26 17:12:20 CET ERROR:clangrdf.logger:C:\WCs\ESDBusinessDevelopment\Product_Input\DemoModels\AdaptiveCruiseControl\legacyCode\Rover\ATRover_autosar_rtw\ATRover.c:83:14: error: use of undeclared identifier 'in_Port1_Sensor_BL'
2019/03/26 17:12:20 CET ERROR:clangrdf.logger:C:\WCs\ESDBusinessDevelopment\Product_Input\DemoModels\AdaptiveCruiseControl\legacyCode\Rover\ATRover_autosar_rtw\ATRover.c:109:4: error: use of undeclared identifier 'Port1_TR_Right'
2019/03/26 17:12:20 CET ERROR:clangrdf.logger:C:\WCs\ESDBusinessDevelopment\Product_Input\DemoModels\AdaptiveCruiseControl\legacyCode\Rover\ATRover_autosar_rtw\ATRover.c:113:4: error: use of undeclared identifier 'Port2_TR_Left'
2019/03/26 17:12:20 CET ERROR:clangrdf.logger:C:\WCs\ESDBusinessDevelopment\Product_Input\DemoModels\AdaptiveCruiseControl\legacyCode\Rover\ATRover_autosar_rtw\ATRover.c:117:4: error: use of undeclared identifier 'Port3_Lim_Speed_B'
2019/03/26 17:12:20 CET ERROR:clangrdf.logger:C:\WCs\ESDBusinessDevelopment\Product_Input\DemoModels\AdaptiveCruiseControl\legacyCode\Rover\ATRover_autosar_rtw\ATRover.c:121:4: error: use of undeclared identifier 'Port4_Lim_Speed_F'
2019/03/26 17:12:22 CET Import completed
2019/03/26 17:12:22 CET Total number of files 35
2019/03/26 17:12:22 CET Total number of functions 9
2019/03/26 17:12:22 CET Total number of global variables 12
2019/03/26 17:12:22 CET Total number of static variables 0
2019/03/26 17:12:22 CET Total time (in hh:mm:ss) 00:00:05
