2019/03/26 15:06:27 CET Importing files from project directory C:/WCs/ESDBusinessDevelopment/Product_Input/DemoModels/AdaptiveCruiseControl/legacyCode/Rover
2019/03/26 15:06:41 CET ERROR:clangrdf.logger:C:\WCs\ESDBusinessDevelopment\Product_Input\DemoModels\AdaptiveCruiseControl\legacyCode\Rover\ObstacleDetectionLimitsCalc_autosar_rtw\stub/Platform_Types.h:14:10: fatal error: 'rtwtypes.h' file not found
2019/03/26 15:06:41 CET ERROR:clangrdf.logger:C:\WCs\ESDBusinessDevelopment\Product_Input\DemoModels\AdaptiveCruiseControl\legacyCode\Rover\ObstacleDetectionLimitsCalc_autosar_rtw\referenced_model_includes\CommandLimits_private.h:18:10: fatal error: 'rtwtypes.h' file not found
2019/03/26 15:06:41 CET ERROR:clangrdf.logger:C:\WCs\ESDBusinessDevelopment\Product_Input\DemoModels\AdaptiveCruiseControl\legacyCode\Rover\slprj\autosar\Input_Conversion\Input_Conversion.h:20:10: fatal error: 'rtwtypes.h' file not found
2019/03/26 15:06:41 CET ERROR:clangrdf.logger:C:\WCs\ESDBusinessDevelopment\Product_Input\DemoModels\AdaptiveCruiseControl\legacyCode\Rover\ObstacleDetectionLimitsCalc_autosar_rtw\stub/Platform_Types.h:14:10: fatal error: 'rtwtypes.h' file not found
2019/03/26 15:06:41 CET ERROR:clangrdf.logger:C:\WCs\ESDBusinessDevelopment\Product_Input\DemoModels\AdaptiveCruiseControl\legacyCode\Rover\InputConversion_autosar_rtw\referenced_model_includes\Input_Conversion_types.h:18:10: fatal error: 'rtwtypes.h' file not found
2019/03/26 15:06:41 CET ERROR:clangrdf.logger:C:\WCs\ESDBusinessDevelopment\Product_Input\DemoModels\AdaptiveCruiseControl\legacyCode\Rover\ObstacleDetectionLimitsCalc_autosar_rtw\referenced_model_includes\CommandLimits.h:20:10: fatal error: 'rtwtypes.h' file not found
2019/03/26 15:06:41 CET ERROR:clangrdf.logger:C:\WCs\ESDBusinessDevelopment\Product_Input\DemoModels\AdaptiveCruiseControl\legacyCode\Rover\ObstacleDetectionLimitsCalc_autosar_rtw\stub/Platform_Types.h:14:10: fatal error: 'rtwtypes.h' file not found
2019/03/26 15:06:41 CET ERROR:clangrdf.logger:C:\WCs\ESDBusinessDevelopment\Product_Input\DemoModels\AdaptiveCruiseControl\legacyCode\Rover\slprj\autosar\Input_Conversion/Input_Conversion.h:20:10: fatal error: 'rtwtypes.h' file not found
2019/03/26 15:06:41 CET ERROR:clangrdf.logger:C:\WCs\ESDBusinessDevelopment\Product_Input\DemoModels\AdaptiveCruiseControl\legacyCode\Rover\InputConversion_autosar_rtw\referenced_model_includes\Input_Conversion_private.h:18:10: fatal error: 'rtwtypes.h' file not found
2019/03/26 15:06:41 CET ERROR:clangrdf.logger:C:\WCs\ESDBusinessDevelopment\Product_Input\DemoModels\AdaptiveCruiseControl\legacyCode\Rover\InputConversion_autosar_rtw\referenced_model_includes\Input_Conversion.h:20:10: fatal error: 'rtwtypes.h' file not found
2019/03/26 15:06:41 CET ERROR:clangrdf.logger:C:\WCs\ESDBusinessDevelopment\Product_Input\DemoModels\AdaptiveCruiseControl\legacyCode\Rover\InputConversion_autosar_rtw\InputConversion_types.h:18:10: fatal error: 'rtwtypes.h' file not found
2019/03/26 15:06:41 CET ERROR:clangrdf.logger:C:\WCs\ESDBusinessDevelopment\Product_Input\DemoModels\AdaptiveCruiseControl\legacyCode\Rover\slprj\autosar\CommandLimits\CommandLimits_types.h:18:10: fatal error: 'rtwtypes.h' file not found
2019/03/26 15:06:41 CET ERROR:clangrdf.logger:C:\WCs\ESDBusinessDevelopment\Product_Input\DemoModels\AdaptiveCruiseControl\legacyCode\Rover\slprj\autosar\CommandLimits\CommandLimits_private.h:18:10: fatal error: 'rtwtypes.h' file not found
2019/03/26 15:06:41 CET ERROR:clangrdf.logger:C:\WCs\ESDBusinessDevelopment\Product_Input\DemoModels\AdaptiveCruiseControl\legacyCode\Rover\InputConversion_autosar_rtw\InputConversion_private.h:18:10: fatal error: 'rtwtypes.h' file not found
2019/03/26 15:06:42 CET ERROR:clangrdf.logger:C:\WCs\ESDBusinessDevelopment\Product_Input\DemoModels\AdaptiveCruiseControl\legacyCode\Rover\slprj\autosar\CommandLimits\CommandLimits.h:20:10: fatal error: 'rtwtypes.h' file not found
2019/03/26 15:06:42 CET ERROR:clangrdf.logger:C:\WCs\ESDBusinessDevelopment\Product_Input\DemoModels\AdaptiveCruiseControl\legacyCode\Rover\InputConversion_autosar_rtw\InputConversion.h:20:10: fatal error: 'rtwtypes.h' file not found
2019/03/26 15:06:42 CET ERROR:clangrdf.logger:C:\WCs\ESDBusinessDevelopment\Product_Input\DemoModels\AdaptiveCruiseControl\legacyCode\Rover\slprj\autosar\Obstacle_Detection\Obstacle_Detection_types.h:18:10: fatal error: 'rtwtypes.h' file not found
2019/03/26 15:06:42 CET ERROR:clangrdf.logger:C:\WCs\ESDBusinessDevelopment\Product_Input\DemoModels\AdaptiveCruiseControl\legacyCode\Rover\ObstacleDetectionLimitsCalc_autosar_rtw\stub/Platform_Types.h:14:10: fatal error: 'rtwtypes.h' file not found
2019/03/26 15:06:42 CET ERROR:clangrdf.logger:C:\WCs\ESDBusinessDevelopment\Product_Input\DemoModels\AdaptiveCruiseControl\legacyCode\Rover\InputConversion_autosar_rtw/InputConversion.h:20:10: fatal error: 'rtwtypes.h' file not found
2019/03/26 15:06:42 CET ERROR:clangrdf.logger:C:\WCs\ESDBusinessDevelopment\Product_Input\DemoModels\AdaptiveCruiseControl\legacyCode\Rover\slprj\autosar\CommandLimits/CommandLimits.h:20:10: fatal error: 'rtwtypes.h' file not found
2019/03/26 15:06:42 CET ERROR:clangrdf.logger:C:\WCs\ESDBusinessDevelopment\Product_Input\DemoModels\AdaptiveCruiseControl\legacyCode\Rover\ObstacleDetectionLimitsCalc_autosar_rtw\stub\Platform_Types.h:14:10: fatal error: 'rtwtypes.h' file not found
2019/03/26 15:06:42 CET ERROR:clangrdf.logger:C:\WCs\ESDBusinessDevelopment\Product_Input\DemoModels\AdaptiveCruiseControl\legacyCode\Rover\slprj\autosar\Obstacle_Detection\Obstacle_Detection_private.h:18:10: fatal error: 'rtwtypes.h' file not found
2019/03/26 15:06:42 CET ERROR:clangrdf.logger:C:\WCs\ESDBusinessDevelopment\Product_Input\DemoModels\AdaptiveCruiseControl\legacyCode\Rover\InputConversion_autosar_rtw\stub/Platform_Types.h:14:10: fatal error: 'rtwtypes.h' file not found
2019/03/26 15:06:42 CET ERROR:clangrdf.logger:C:\WCs\ESDBusinessDevelopment\Product_Input\DemoModels\AdaptiveCruiseControl\legacyCode\Rover\ObstacleDetectionLimitsCalc_autosar_rtw\ObstacleDetectionLimitsCalc_types.h:18:10: fatal error: 'rtwtypes.h' file not found
2019/03/26 15:06:42 CET ERROR:clangrdf.logger:C:\WCs\ESDBusinessDevelopment\Product_Input\DemoModels\AdaptiveCruiseControl\legacyCode\Rover\slprj\autosar\Obstacle_Detection\Obstacle_Detection.h:20:10: fatal error: 'rtwtypes.h' file not found
2019/03/26 15:06:42 CET ERROR:clangrdf.logger:C:\WCs\ESDBusinessDevelopment\Product_Input\DemoModels\AdaptiveCruiseControl\legacyCode\Rover\ObstacleDetectionLimitsCalc_autosar_rtw\referenced_model_includes\Obstacle_Detection_types.h:18:10: fatal error: 'rtwtypes.h' file not found
2019/03/26 15:06:42 CET ERROR:clangrdf.logger:C:\WCs\ESDBusinessDevelopment\Product_Input\DemoModels\AdaptiveCruiseControl\legacyCode\Rover\InputConversion_autosar_rtw\stub/Platform_Types.h:14:10: fatal error: 'rtwtypes.h' file not found
2019/03/26 15:06:42 CET ERROR:clangrdf.logger:C:\WCs\ESDBusinessDevelopment\Product_Input\DemoModels\AdaptiveCruiseControl\legacyCode\Rover\InputConversion_autosar_rtw\stub/Platform_Types.h:14:10: fatal error: 'rtwtypes.h' file not found
2019/03/26 15:06:42 CET ERROR:clangrdf.logger:C:\WCs\ESDBusinessDevelopment\Product_Input\DemoModels\AdaptiveCruiseControl\legacyCode\Rover\ObstacleDetectionLimitsCalc_autosar_rtw\ObstacleDetectionLimitsCalc_private.h:18:10: fatal error: 'rtwtypes.h' file not found
2019/03/26 15:06:42 CET ERROR:clangrdf.logger:C:\WCs\ESDBusinessDevelopment\Product_Input\DemoModels\AdaptiveCruiseControl\legacyCode\Rover\slprj\autosar\Obstacle_Detection/Obstacle_Detection.h:20:10: fatal error: 'rtwtypes.h' file not found
2019/03/26 15:06:42 CET ERROR:clangrdf.logger:C:\WCs\ESDBusinessDevelopment\Product_Input\DemoModels\AdaptiveCruiseControl\legacyCode\Rover\ObstacleDetectionLimitsCalc_autosar_rtw\referenced_model_includes\Obstacle_Detection_private.h:18:10: fatal error: 'rtwtypes.h' file not found
2019/03/26 15:06:42 CET ERROR:clangrdf.logger:C:\WCs\ESDBusinessDevelopment\Product_Input\DemoModels\AdaptiveCruiseControl\legacyCode\Rover\ObstacleDetectionLimitsCalc_autosar_rtw\ObstacleDetectionLimitsCalc.h:20:10: fatal error: 'rtwtypes.h' file not found
2019/03/26 15:06:42 CET ERROR:clangrdf.logger:C:\WCs\ESDBusinessDevelopment\Product_Input\DemoModels\AdaptiveCruiseControl\legacyCode\Rover\ObstacleDetectionLimitsCalc_autosar_rtw\referenced_model_includes\Obstacle_Detection.h:20:10: fatal error: 'rtwtypes.h' file not found
2019/03/26 15:06:42 CET ERROR:clangrdf.logger:C:\WCs\ESDBusinessDevelopment\Product_Input\DemoModels\AdaptiveCruiseControl\legacyCode\Rover\ObstacleDetectionLimitsCalc_autosar_rtw/ObstacleDetectionLimitsCalc.h:20:10: fatal error: 'rtwtypes.h' file not found
2019/03/26 15:06:42 CET ERROR:clangrdf.logger:C:\WCs\ESDBusinessDevelopment\Product_Input\DemoModels\AdaptiveCruiseControl\legacyCode\Rover\slprj\autosar\Input_Conversion\Input_Conversion_types.h:18:10: fatal error: 'rtwtypes.h' file not found
2019/03/26 15:06:42 CET ERROR:clangrdf.logger:C:\WCs\ESDBusinessDevelopment\Product_Input\DemoModels\AdaptiveCruiseControl\legacyCode\Rover\ObstacleDetectionLimitsCalc_autosar_rtw\referenced_model_includes\CommandLimits_types.h:18:10: fatal error: 'rtwtypes.h' file not found
2019/03/26 15:06:42 CET ERROR:clangrdf.logger:C:\WCs\ESDBusinessDevelopment\Product_Input\DemoModels\AdaptiveCruiseControl\legacyCode\Rover\slprj\autosar\Input_Conversion\Input_Conversion_private.h:18:10: fatal error: 'rtwtypes.h' file not found
2019/03/26 15:06:42 CET ERROR:clangrdf.logger:C:\WCs\ESDBusinessDevelopment\Product_Input\DemoModels\AdaptiveCruiseControl\legacyCode\Rover\InputConversion_autosar_rtw\stub\Platform_Types.h:14:10: fatal error: 'rtwtypes.h' file not found
2019/03/26 15:06:49 CET Import completed
2019/03/26 15:06:49 CET Total number of files 44
2019/03/26 15:06:49 CET Total number of functions 13
2019/03/26 15:06:49 CET Total number of global variables 12
2019/03/26 15:06:49 CET Total number of static variables 0
2019/03/26 15:06:49 CET Total time (in hh:mm:ss) 00:00:23
